<?xml version="1.0" encoding="UTF-8" ?>
<testsuite tests="3" failures="0" name="net.beachchou.spring.ioc.ScopeTest" time="0.123" errors="1" skipped="0">
  <properties>
[...]
</properties>
  <testcase classname="net.beachchou.spring.ioc.ScopeTest" name="testScopePrototype" time="0.034"/>
  <testcase classname="net.beachchou.spring.ioc.ScopeTest" name="testScopeCustom" time="0.052">
    <error message="No Scope registered for scope name &apos;custom&apos;" type="java.lang.IllegalStateException">java.lang.IllegalStateException: No Scope registered for scope name &apos;custom&apos;
	at org.springframework.beans.factory.support.AbstractBeanFactory.doGetBean(AbstractBeanFactory.java:337)
	at org.springframework.beans.factory.support.AbstractBeanFactory.getBean(AbstractBeanFactory.java:197)
	at org.springframework.context.support.AbstractApplicationContext.getBean(AbstractApplicationContext.java:1076)
	at net.beachchou.spring.ioc.ScopeTest.testScopeCustom(ScopeTest.java:29)
	at sun.reflect.NativeMethodAccessorImpl.invoke0(Native Method)
	at sun.reflect.NativeMethodAccessorImpl.invoke(NativeMethodAccessorImpl.java:62)
	at sun.reflect.DelegatingMethodAccessorImpl.invoke(DelegatingMethodAccessorImpl.java:43)
	at java.lang.reflect.Method.invoke(Method.java:498)
	at org.junit.runners.model.FrameworkMethod$1.runReflectiveCall(FrameworkMethod.java:50)
	at org.junit.internal.runners.model.ReflectiveCallable.run(ReflectiveCallable.java:12)
	at org.junit.runners.model.FrameworkMethod.invokeExplosively(FrameworkMethod.java:47)
	at org.junit.internal.runners.statements.InvokeMethod.evaluate(InvokeMethod.java:17)
	at org.junit.internal.runners.statements.RunBefores.evaluate(RunBefores.java:26)
	at org.junit.runners.ParentRunner.runLeaf(ParentRunner.java:325)
	at org.junit.runners.BlockJUnit4ClassRunner.runChild(BlockJUnit4ClassRunner.java:78)
	at org.junit.runners.BlockJUnit4ClassRunner.runChild(BlockJUnit4ClassRunner.java:57)
	at org.junit.runners.ParentRunner$3.run(ParentRunner.java:290)
	at org.junit.runners.ParentRunner$1.schedule(ParentRunner.java:71)
	at org.junit.runners.ParentRunner.runChildren(ParentRunner.java:288)
	at org.junit.runners.ParentRunner.access$000(ParentRunner.java:58)
	at org.junit.runners.ParentRunner$2.evaluate(ParentRunner.java:268)
	at org.junit.runners.ParentRunner.run(ParentRunner.java:363)
	at org.apache.maven.surefire.junit4.JUnit4Provider.execute(JUnit4Provider.java:252)
	at org.apache.maven.surefire.junit4.JUnit4Provider.executeTestSet(JUnit4Provider.java:141)
	at org.apache.maven.surefire.junit4.JUnit4Provider.invoke(JUnit4Provider.java:112)
	at sun.reflect.NativeMethodAccessorImpl.invoke0(Native Method)
	at sun.reflect.NativeMethodAccessorImpl.invoke(NativeMethodAccessorImpl.java:62)
	at sun.reflect.DelegatingMethodAccessorImpl.invoke(DelegatingMethodAccessorImpl.java:43)
	at java.lang.reflect.Method.invoke(Method.java:498)
	at org.apache.maven.surefire.util.ReflectionUtils.invokeMethodWithArray(ReflectionUtils.java:189)
	at org.apache.maven.surefire.booter.ProviderFactory$ProviderProxy.invoke(ProviderFactory.java:165)
	at org.apache.maven.surefire.booter.ProviderFactory.invokeProvider(ProviderFactory.java:85)
	at org.apache.maven.surefire.booter.ForkedBooter.runSuitesInProcess(ForkedBooter.java:115)
	at org.apache.maven.surefire.booter.ForkedBooter.main(ForkedBooter.java:75)
</error>
    <system-out>init
</system-out>
    <system-err>十月 22, 2016 5:27:21 下午 org.springframework.context.support.FileSystemXmlApplicationContext prepareRefresh
信息: Refreshing org.springframework.context.support.FileSystemXmlApplicationContext@363042d7: startup date [Sat Oct 22 17:27:21 CST 2016]; root of context hierarchy
十月 22, 2016 5:27:21 下午 org.springframework.beans.factory.xml.XmlBeanDefinitionReader loadBeanDefinitions
信息: Loading XML bean definitions from file [C:\Users\beach\Documents\NetBeansProjects\spring-ioc\src\main\resources\net\beachchou\spring\ioc\applicationContext.xml]
十月 22, 2016 5:27:21 下午 org.springframework.beans.factory.xml.XmlBeanDefinitionReader loadBeanDefinitions
信息: Loading XML bean definitions from file [C:\Users\beach\Documents\NetBeansProjects\spring-ioc\src\main\resources\net\beachchou\spring\ioc\beanNaming.xml]
十月 22, 2016 5:27:21 下午 org.springframework.beans.factory.xml.XmlBeanDefinitionReader loadBeanDefinitions
信息: Loading XML bean definitions from file [C:\Users\beach\Documents\NetBeansProjects\spring-ioc\src\main\resources\net\beachchou\spring\ioc\beanInstantiating.xml]
十月 22, 2016 5:27:21 下午 org.springframework.beans.factory.xml.XmlBeanDefinitionReader loadBeanDefinitions
信息: Loading XML bean definitions from file [C:\Users\beach\Documents\NetBeansProjects\spring-ioc\src\main\resources\net\beachchou\spring\ioc\dependenciesDetail.xml]
十月 22, 2016 5:27:21 下午 org.springframework.beans.factory.xml.XmlBeanDefinitionReader loadBeanDefinitions
信息: Loading XML bean definitions from file [C:\Users\beach\Documents\NetBeansProjects\spring-ioc\src\main\resources\net\beachchou\spring\ioc\dependOn.xml]
十月 22, 2016 5:27:21 下午 org.springframework.beans.factory.xml.XmlBeanDefinitionReader loadBeanDefinitions
信息: Loading XML bean definitions from file [C:\Users\beach\Documents\NetBeansProjects\spring-ioc\src\main\resources\net\beachchou\spring\ioc\lazyInitialized.xml]
十月 22, 2016 5:27:21 下午 org.springframework.beans.factory.xml.XmlBeanDefinitionReader loadBeanDefinitions
信息: Loading XML bean definitions from file [C:\Users\beach\Documents\NetBeansProjects\spring-ioc\src\main\resources\net\beachchou\spring\ioc\autowiring.xml]
十月 22, 2016 5:27:21 下午 org.springframework.beans.factory.xml.XmlBeanDefinitionReader loadBeanDefinitions
信息: Loading XML bean definitions from file [C:\Users\beach\Documents\NetBeansProjects\spring-ioc\src\main\resources\net\beachchou\spring\ioc\methodInjection.xml]
十月 22, 2016 5:27:21 下午 org.springframework.beans.factory.xml.XmlBeanDefinitionReader loadBeanDefinitions
信息: Loading XML bean definitions from file [C:\Users\beach\Documents\NetBeansProjects\spring-ioc\src\main\resources\net\beachchou\spring\ioc\methodReplace.xml]
十月 22, 2016 5:27:21 下午 org.springframework.beans.factory.xml.XmlBeanDefinitionReader loadBeanDefinitions
信息: Loading XML bean definitions from file [C:\Users\beach\Documents\NetBeansProjects\spring-ioc\src\main\resources\net\beachchou\spring\ioc\scope.xml]
十月 22, 2016 5:27:21 下午 org.springframework.beans.factory.xml.XmlBeanDefinitionReader loadBeanDefinitions
信息: Loading XML bean definitions from file [C:\Users\beach\Documents\NetBeansProjects\spring-ioc\src\main\resources\net\beachchou\spring\ioc\nature\nature.xml]
</system-err>
  </testcase>
  <testcase classname="net.beachchou.spring.ioc.ScopeTest" name="testScopeSingleton" time="0.037"/>
</testsuite>