<?xml version="1.0" encoding="UTF-8" ?>
<testsuite tests="5" failures="0" name="net.beachchou.spring.ioc.InjectionValueTest" time="0.829" errors="5" skipped="0">
  <properties>
[...]
</properties>
  <testcase classname="net.beachchou.spring.ioc.InjectionValueTest" name="testInjectionValue" time="0.502">
    <error message="Error creating bean with name &apos;injectionRefByBean&apos; defined in file [C:\Users\beach\Documents\NetBeansProjects\spring-ioc\src\main\resources\injectionValue.xml]: Initialization of bean failed; nested exception is org.springframework.beans.ConversionNotSupportedException: Failed to convert property value of type [org.apache.commons.dbcp.BasicDataSource] to required type [java.lang.String] for property &apos;beanName&apos;; nested exception is java.lang.IllegalStateException: Cannot convert value of type [org.apache.commons.dbcp.BasicDataSource] to required type [java.lang.String] for property &apos;beanName&apos;: no matching editors or conversion strategy found" type="org.springframework.beans.factory.BeanCreationException">org.springframework.beans.factory.BeanCreationException: Error creating bean with name &apos;injectionRefByBean&apos; defined in file [C:\Users\beach\Documents\NetBeansProjects\spring-ioc\src\main\resources\injectionValue.xml]: Initialization of bean failed; nested exception is org.springframework.beans.ConversionNotSupportedException: Failed to convert property value of type [org.apache.commons.dbcp.BasicDataSource] to required type [java.lang.String] for property &apos;beanName&apos;; nested exception is java.lang.IllegalStateException: Cannot convert value of type [org.apache.commons.dbcp.BasicDataSource] to required type [java.lang.String] for property &apos;beanName&apos;: no matching editors or conversion strategy found
	at org.springframework.beans.factory.support.AbstractAutowireCapableBeanFactory.doCreateBean(AbstractAutowireCapableBeanFactory.java:553)
	at org.springframework.beans.factory.support.AbstractAutowireCapableBeanFactory.createBean(AbstractAutowireCapableBeanFactory.java:482)
	at org.springframework.beans.factory.support.AbstractBeanFactory$1.getObject(AbstractBeanFactory.java:306)
	at org.springframework.beans.factory.support.DefaultSingletonBeanRegistry.getSingleton(DefaultSingletonBeanRegistry.java:230)
	at org.springframework.beans.factory.support.AbstractBeanFactory.doGetBean(AbstractBeanFactory.java:302)
	at org.springframework.beans.factory.support.AbstractBeanFactory.getBean(AbstractBeanFactory.java:202)
	at org.springframework.context.support.PostProcessorRegistrationDelegate.invokeBeanFactoryPostProcessors(PostProcessorRegistrationDelegate.java:154)
	at org.springframework.context.support.AbstractApplicationContext.invokeBeanFactoryPostProcessors(AbstractApplicationContext.java:681)
	at org.springframework.context.support.AbstractApplicationContext.refresh(AbstractApplicationContext.java:523)
	at org.springframework.context.support.FileSystemXmlApplicationContext.&lt;init&gt;(FileSystemXmlApplicationContext.java:140)
	at org.springframework.context.support.FileSystemXmlApplicationContext.&lt;init&gt;(FileSystemXmlApplicationContext.java:84)
	at net.beachchou.spring.ioc.AbstractTest.setup(AbstractTest.java:25)
	at sun.reflect.NativeMethodAccessorImpl.invoke0(Native Method)
	at sun.reflect.NativeMethodAccessorImpl.invoke(NativeMethodAccessorImpl.java:62)
	at sun.reflect.DelegatingMethodAccessorImpl.invoke(DelegatingMethodAccessorImpl.java:43)
	at java.lang.reflect.Method.invoke(Method.java:498)
	at org.junit.runners.model.FrameworkMethod$1.runReflectiveCall(FrameworkMethod.java:50)
	at org.junit.internal.runners.model.ReflectiveCallable.run(ReflectiveCallable.java:12)
	at org.junit.runners.model.FrameworkMethod.invokeExplosively(FrameworkMethod.java:47)
	at org.junit.internal.runners.statements.RunBefores.evaluate(RunBefores.java:24)
	at org.junit.runners.ParentRunner.runLeaf(ParentRunner.java:325)
	at org.junit.runners.BlockJUnit4ClassRunner.runChild(BlockJUnit4ClassRunner.java:78)
	at org.junit.runners.BlockJUnit4ClassRunner.runChild(BlockJUnit4ClassRunner.java:57)
	at org.junit.runners.ParentRunner$3.run(ParentRunner.java:290)
	at org.junit.runners.ParentRunner$1.schedule(ParentRunner.java:71)
	at org.junit.runners.ParentRunner.runChildren(ParentRunner.java:288)
	at org.junit.runners.ParentRunner.access$000(ParentRunner.java:58)
	at org.junit.runners.ParentRunner$2.evaluate(ParentRunner.java:268)
	at org.junit.runners.ParentRunner.run(ParentRunner.java:363)
	at org.apache.maven.surefire.junit4.JUnit4Provider.execute(JUnit4Provider.java:252)
	at org.apache.maven.surefire.junit4.JUnit4Provider.executeTestSet(JUnit4Provider.java:141)
	at org.apache.maven.surefire.junit4.JUnit4Provider.invoke(JUnit4Provider.java:112)
	at sun.reflect.NativeMethodAccessorImpl.invoke0(Native Method)
	at sun.reflect.NativeMethodAccessorImpl.invoke(NativeMethodAccessorImpl.java:62)
	at sun.reflect.DelegatingMethodAccessorImpl.invoke(DelegatingMethodAccessorImpl.java:43)
	at java.lang.reflect.Method.invoke(Method.java:498)
	at org.apache.maven.surefire.util.ReflectionUtils.invokeMethodWithArray(ReflectionUtils.java:189)
	at org.apache.maven.surefire.booter.ProviderFactory$ProviderProxy.invoke(ProviderFactory.java:165)
	at org.apache.maven.surefire.booter.ProviderFactory.invokeProvider(ProviderFactory.java:85)
	at org.apache.maven.surefire.booter.ForkedBooter.runSuitesInProcess(ForkedBooter.java:115)
	at org.apache.maven.surefire.booter.ForkedBooter.main(ForkedBooter.java:75)
Caused by: org.springframework.beans.ConversionNotSupportedException: Failed to convert property value of type [org.apache.commons.dbcp.BasicDataSource] to required type [java.lang.String] for property &apos;beanName&apos;; nested exception is java.lang.IllegalStateException: Cannot convert value of type [org.apache.commons.dbcp.BasicDataSource] to required type [java.lang.String] for property &apos;beanName&apos;: no matching editors or conversion strategy found
	at org.springframework.beans.AbstractNestablePropertyAccessor.convertIfNecessary(AbstractNestablePropertyAccessor.java:591)
	at org.springframework.beans.AbstractNestablePropertyAccessor.convertForProperty(AbstractNestablePropertyAccessor.java:603)
	at org.springframework.beans.BeanWrapperImpl.convertForProperty(BeanWrapperImpl.java:216)
	at org.springframework.beans.factory.support.AbstractAutowireCapableBeanFactory.convertForProperty(AbstractAutowireCapableBeanFactory.java:1532)
	at org.springframework.beans.factory.support.AbstractAutowireCapableBeanFactory.applyPropertyValues(AbstractAutowireCapableBeanFactory.java:1491)
	at org.springframework.beans.factory.support.AbstractAutowireCapableBeanFactory.populateBean(AbstractAutowireCapableBeanFactory.java:1231)
	at org.springframework.beans.factory.support.AbstractAutowireCapableBeanFactory.doCreateBean(AbstractAutowireCapableBeanFactory.java:543)
	... 40 more
Caused by: java.lang.IllegalStateException: Cannot convert value of type [org.apache.commons.dbcp.BasicDataSource] to required type [java.lang.String] for property &apos;beanName&apos;: no matching editors or conversion strategy found
	at org.springframework.beans.TypeConverterDelegate.convertIfNecessary(TypeConverterDelegate.java:306)
	at org.springframework.beans.AbstractNestablePropertyAccessor.convertIfNecessary(AbstractNestablePropertyAccessor.java:576)
	... 46 more
</error>
    <system-err>十月 19, 2016 11:33:40 下午 org.springframework.context.support.FileSystemXmlApplicationContext prepareRefresh
信息: Refreshing org.springframework.context.support.FileSystemXmlApplicationContext@13b6d03: startup date [Wed Oct 19 23:33:40 CST 2016]; root of context hierarchy
十月 19, 2016 11:33:41 下午 org.springframework.beans.factory.xml.XmlBeanDefinitionReader loadBeanDefinitions
信息: Loading XML bean definitions from file [C:\Users\beach\Documents\NetBeansProjects\spring-ioc\src\main\resources\applicationContext.xml]
十月 19, 2016 11:33:41 下午 org.springframework.beans.factory.xml.XmlBeanDefinitionReader loadBeanDefinitions
信息: Loading XML bean definitions from file [C:\Users\beach\Documents\NetBeansProjects\spring-ioc\src\main\resources\beanNaming.xml]
十月 19, 2016 11:33:41 下午 org.springframework.beans.factory.xml.XmlBeanDefinitionReader loadBeanDefinitions
信息: Loading XML bean definitions from file [C:\Users\beach\Documents\NetBeansProjects\spring-ioc\src\main\resources\beanInstantiating.xml]
十月 19, 2016 11:33:41 下午 org.springframework.beans.factory.xml.XmlBeanDefinitionReader loadBeanDefinitions
信息: Loading XML bean definitions from file [C:\Users\beach\Documents\NetBeansProjects\spring-ioc\src\main\resources\injectionValue.xml]
十月 19, 2016 11:33:41 下午 org.springframework.context.support.FileSystemXmlApplicationContext refresh
警告: Exception encountered during context initialization - cancelling refresh attempt: org.springframework.beans.factory.BeanCreationException: Error creating bean with name &apos;injectionRefByBean&apos; defined in file [C:\Users\beach\Documents\NetBeansProjects\spring-ioc\src\main\resources\injectionValue.xml]: Initialization of bean failed; nested exception is org.springframework.beans.ConversionNotSupportedException: Failed to convert property value of type [org.apache.commons.dbcp.BasicDataSource] to required type [java.lang.String] for property &apos;beanName&apos;; nested exception is java.lang.IllegalStateException: Cannot convert value of type [org.apache.commons.dbcp.BasicDataSource] to required type [java.lang.String] for property &apos;beanName&apos;: no matching editors or conversion strategy found
</system-err>
  </testcase>
  <testcase classname="net.beachchou.spring.ioc.InjectionValueTest" name="testInjectionValueByShortcut" time="0.079">
    <error message="Error creating bean with name &apos;injectionRefByBean&apos; defined in file [C:\Users\beach\Documents\NetBeansProjects\spring-ioc\src\main\resources\injectionValue.xml]: Initialization of bean failed; nested exception is org.springframework.beans.ConversionNotSupportedException: Failed to convert property value of type [org.apache.commons.dbcp.BasicDataSource] to required type [java.lang.String] for property &apos;beanName&apos;; nested exception is java.lang.IllegalStateException: Cannot convert value of type [org.apache.commons.dbcp.BasicDataSource] to required type [java.lang.String] for property &apos;beanName&apos;: no matching editors or conversion strategy found" type="org.springframework.beans.factory.BeanCreationException">org.springframework.beans.factory.BeanCreationException: Error creating bean with name &apos;injectionRefByBean&apos; defined in file [C:\Users\beach\Documents\NetBeansProjects\spring-ioc\src\main\resources\injectionValue.xml]: Initialization of bean failed; nested exception is org.springframework.beans.ConversionNotSupportedException: Failed to convert property value of type [org.apache.commons.dbcp.BasicDataSource] to required type [java.lang.String] for property &apos;beanName&apos;; nested exception is java.lang.IllegalStateException: Cannot convert value of type [org.apache.commons.dbcp.BasicDataSource] to required type [java.lang.String] for property &apos;beanName&apos;: no matching editors or conversion strategy found
	at org.springframework.beans.factory.support.AbstractAutowireCapableBeanFactory.doCreateBean(AbstractAutowireCapableBeanFactory.java:553)
	at org.springframework.beans.factory.support.AbstractAutowireCapableBeanFactory.createBean(AbstractAutowireCapableBeanFactory.java:482)
	at org.springframework.beans.factory.support.AbstractBeanFactory$1.getObject(AbstractBeanFactory.java:306)
	at org.springframework.beans.factory.support.DefaultSingletonBeanRegistry.getSingleton(DefaultSingletonBeanRegistry.java:230)
	at org.springframework.beans.factory.support.AbstractBeanFactory.doGetBean(AbstractBeanFactory.java:302)
	at org.springframework.beans.factory.support.AbstractBeanFactory.getBean(AbstractBeanFactory.java:202)
	at org.springframework.context.support.PostProcessorRegistrationDelegate.invokeBeanFactoryPostProcessors(PostProcessorRegistrationDelegate.java:154)
	at org.springframework.context.support.AbstractApplicationContext.invokeBeanFactoryPostProcessors(AbstractApplicationContext.java:681)
	at org.springframework.context.support.AbstractApplicationContext.refresh(AbstractApplicationContext.java:523)
	at org.springframework.context.support.FileSystemXmlApplicationContext.&lt;init&gt;(FileSystemXmlApplicationContext.java:140)
	at org.springframework.context.support.FileSystemXmlApplicationContext.&lt;init&gt;(FileSystemXmlApplicationContext.java:84)
	at net.beachchou.spring.ioc.AbstractTest.setup(AbstractTest.java:25)
	at sun.reflect.NativeMethodAccessorImpl.invoke0(Native Method)
	at sun.reflect.NativeMethodAccessorImpl.invoke(NativeMethodAccessorImpl.java:62)
	at sun.reflect.DelegatingMethodAccessorImpl.invoke(DelegatingMethodAccessorImpl.java:43)
	at java.lang.reflect.Method.invoke(Method.java:498)
	at org.junit.runners.model.FrameworkMethod$1.runReflectiveCall(FrameworkMethod.java:50)
	at org.junit.internal.runners.model.ReflectiveCallable.run(ReflectiveCallable.java:12)
	at org.junit.runners.model.FrameworkMethod.invokeExplosively(FrameworkMethod.java:47)
	at org.junit.internal.runners.statements.RunBefores.evaluate(RunBefores.java:24)
	at org.junit.runners.ParentRunner.runLeaf(ParentRunner.java:325)
	at org.junit.runners.BlockJUnit4ClassRunner.runChild(BlockJUnit4ClassRunner.java:78)
	at org.junit.runners.BlockJUnit4ClassRunner.runChild(BlockJUnit4ClassRunner.java:57)
	at org.junit.runners.ParentRunner$3.run(ParentRunner.java:290)
	at org.junit.runners.ParentRunner$1.schedule(ParentRunner.java:71)
	at org.junit.runners.ParentRunner.runChildren(ParentRunner.java:288)
	at org.junit.runners.ParentRunner.access$000(ParentRunner.java:58)
	at org.junit.runners.ParentRunner$2.evaluate(ParentRunner.java:268)
	at org.junit.runners.ParentRunner.run(ParentRunner.java:363)
	at org.apache.maven.surefire.junit4.JUnit4Provider.execute(JUnit4Provider.java:252)
	at org.apache.maven.surefire.junit4.JUnit4Provider.executeTestSet(JUnit4Provider.java:141)
	at org.apache.maven.surefire.junit4.JUnit4Provider.invoke(JUnit4Provider.java:112)
	at sun.reflect.NativeMethodAccessorImpl.invoke0(Native Method)
	at sun.reflect.NativeMethodAccessorImpl.invoke(NativeMethodAccessorImpl.java:62)
	at sun.reflect.DelegatingMethodAccessorImpl.invoke(DelegatingMethodAccessorImpl.java:43)
	at java.lang.reflect.Method.invoke(Method.java:498)
	at org.apache.maven.surefire.util.ReflectionUtils.invokeMethodWithArray(ReflectionUtils.java:189)
	at org.apache.maven.surefire.booter.ProviderFactory$ProviderProxy.invoke(ProviderFactory.java:165)
	at org.apache.maven.surefire.booter.ProviderFactory.invokeProvider(ProviderFactory.java:85)
	at org.apache.maven.surefire.booter.ForkedBooter.runSuitesInProcess(ForkedBooter.java:115)
	at org.apache.maven.surefire.booter.ForkedBooter.main(ForkedBooter.java:75)
Caused by: org.springframework.beans.ConversionNotSupportedException: Failed to convert property value of type [org.apache.commons.dbcp.BasicDataSource] to required type [java.lang.String] for property &apos;beanName&apos;; nested exception is java.lang.IllegalStateException: Cannot convert value of type [org.apache.commons.dbcp.BasicDataSource] to required type [java.lang.String] for property &apos;beanName&apos;: no matching editors or conversion strategy found
	at org.springframework.beans.AbstractNestablePropertyAccessor.convertIfNecessary(AbstractNestablePropertyAccessor.java:591)
	at org.springframework.beans.AbstractNestablePropertyAccessor.convertForProperty(AbstractNestablePropertyAccessor.java:603)
	at org.springframework.beans.BeanWrapperImpl.convertForProperty(BeanWrapperImpl.java:216)
	at org.springframework.beans.factory.support.AbstractAutowireCapableBeanFactory.convertForProperty(AbstractAutowireCapableBeanFactory.java:1532)
	at org.springframework.beans.factory.support.AbstractAutowireCapableBeanFactory.applyPropertyValues(AbstractAutowireCapableBeanFactory.java:1491)
	at org.springframework.beans.factory.support.AbstractAutowireCapableBeanFactory.populateBean(AbstractAutowireCapableBeanFactory.java:1231)
	at org.springframework.beans.factory.support.AbstractAutowireCapableBeanFactory.doCreateBean(AbstractAutowireCapableBeanFactory.java:543)
	... 40 more
Caused by: java.lang.IllegalStateException: Cannot convert value of type [org.apache.commons.dbcp.BasicDataSource] to required type [java.lang.String] for property &apos;beanName&apos;: no matching editors or conversion strategy found
	at org.springframework.beans.TypeConverterDelegate.convertIfNecessary(TypeConverterDelegate.java:306)
	at org.springframework.beans.AbstractNestablePropertyAccessor.convertIfNecessary(AbstractNestablePropertyAccessor.java:576)
	... 46 more
</error>
    <system-err>十月 19, 2016 11:33:41 下午 org.springframework.context.support.FileSystemXmlApplicationContext prepareRefresh
信息: Refreshing org.springframework.context.support.FileSystemXmlApplicationContext@76a4d6c: startup date [Wed Oct 19 23:33:41 CST 2016]; root of context hierarchy
十月 19, 2016 11:33:41 下午 org.springframework.beans.factory.xml.XmlBeanDefinitionReader loadBeanDefinitions
信息: Loading XML bean definitions from file [C:\Users\beach\Documents\NetBeansProjects\spring-ioc\src\main\resources\applicationContext.xml]
十月 19, 2016 11:33:41 下午 org.springframework.beans.factory.xml.XmlBeanDefinitionReader loadBeanDefinitions
信息: Loading XML bean definitions from file [C:\Users\beach\Documents\NetBeansProjects\spring-ioc\src\main\resources\beanNaming.xml]
十月 19, 2016 11:33:41 下午 org.springframework.beans.factory.xml.XmlBeanDefinitionReader loadBeanDefinitions
信息: Loading XML bean definitions from file [C:\Users\beach\Documents\NetBeansProjects\spring-ioc\src\main\resources\beanInstantiating.xml]
十月 19, 2016 11:33:41 下午 org.springframework.beans.factory.xml.XmlBeanDefinitionReader loadBeanDefinitions
信息: Loading XML bean definitions from file [C:\Users\beach\Documents\NetBeansProjects\spring-ioc\src\main\resources\injectionValue.xml]
十月 19, 2016 11:33:41 下午 org.springframework.context.support.FileSystemXmlApplicationContext refresh
警告: Exception encountered during context initialization - cancelling refresh attempt: org.springframework.beans.factory.BeanCreationException: Error creating bean with name &apos;injectionRefByBean&apos; defined in file [C:\Users\beach\Documents\NetBeansProjects\spring-ioc\src\main\resources\injectionValue.xml]: Initialization of bean failed; nested exception is org.springframework.beans.ConversionNotSupportedException: Failed to convert property value of type [org.apache.commons.dbcp.BasicDataSource] to required type [java.lang.String] for property &apos;beanName&apos;; nested exception is java.lang.IllegalStateException: Cannot convert value of type [org.apache.commons.dbcp.BasicDataSource] to required type [java.lang.String] for property &apos;beanName&apos;: no matching editors or conversion strategy found
</system-err>
  </testcase>
  <testcase classname="net.beachchou.spring.ioc.InjectionValueTest" name="testInjectionRefByBean" time="0.053">
    <error message="Error creating bean with name &apos;injectionRefByBean&apos; defined in file [C:\Users\beach\Documents\NetBeansProjects\spring-ioc\src\main\resources\injectionValue.xml]: Initialization of bean failed; nested exception is org.springframework.beans.ConversionNotSupportedException: Failed to convert property value of type [org.apache.commons.dbcp.BasicDataSource] to required type [java.lang.String] for property &apos;beanName&apos;; nested exception is java.lang.IllegalStateException: Cannot convert value of type [org.apache.commons.dbcp.BasicDataSource] to required type [java.lang.String] for property &apos;beanName&apos;: no matching editors or conversion strategy found" type="org.springframework.beans.factory.BeanCreationException">org.springframework.beans.factory.BeanCreationException: Error creating bean with name &apos;injectionRefByBean&apos; defined in file [C:\Users\beach\Documents\NetBeansProjects\spring-ioc\src\main\resources\injectionValue.xml]: Initialization of bean failed; nested exception is org.springframework.beans.ConversionNotSupportedException: Failed to convert property value of type [org.apache.commons.dbcp.BasicDataSource] to required type [java.lang.String] for property &apos;beanName&apos;; nested exception is java.lang.IllegalStateException: Cannot convert value of type [org.apache.commons.dbcp.BasicDataSource] to required type [java.lang.String] for property &apos;beanName&apos;: no matching editors or conversion strategy found
	at org.springframework.beans.factory.support.AbstractAutowireCapableBeanFactory.doCreateBean(AbstractAutowireCapableBeanFactory.java:553)
	at org.springframework.beans.factory.support.AbstractAutowireCapableBeanFactory.createBean(AbstractAutowireCapableBeanFactory.java:482)
	at org.springframework.beans.factory.support.AbstractBeanFactory$1.getObject(AbstractBeanFactory.java:306)
	at org.springframework.beans.factory.support.DefaultSingletonBeanRegistry.getSingleton(DefaultSingletonBeanRegistry.java:230)
	at org.springframework.beans.factory.support.AbstractBeanFactory.doGetBean(AbstractBeanFactory.java:302)
	at org.springframework.beans.factory.support.AbstractBeanFactory.getBean(AbstractBeanFactory.java:202)
	at org.springframework.context.support.PostProcessorRegistrationDelegate.invokeBeanFactoryPostProcessors(PostProcessorRegistrationDelegate.java:154)
	at org.springframework.context.support.AbstractApplicationContext.invokeBeanFactoryPostProcessors(AbstractApplicationContext.java:681)
	at org.springframework.context.support.AbstractApplicationContext.refresh(AbstractApplicationContext.java:523)
	at org.springframework.context.support.FileSystemXmlApplicationContext.&lt;init&gt;(FileSystemXmlApplicationContext.java:140)
	at org.springframework.context.support.FileSystemXmlApplicationContext.&lt;init&gt;(FileSystemXmlApplicationContext.java:84)
	at net.beachchou.spring.ioc.AbstractTest.setup(AbstractTest.java:25)
	at sun.reflect.NativeMethodAccessorImpl.invoke0(Native Method)
	at sun.reflect.NativeMethodAccessorImpl.invoke(NativeMethodAccessorImpl.java:62)
	at sun.reflect.DelegatingMethodAccessorImpl.invoke(DelegatingMethodAccessorImpl.java:43)
	at java.lang.reflect.Method.invoke(Method.java:498)
	at org.junit.runners.model.FrameworkMethod$1.runReflectiveCall(FrameworkMethod.java:50)
	at org.junit.internal.runners.model.ReflectiveCallable.run(ReflectiveCallable.java:12)
	at org.junit.runners.model.FrameworkMethod.invokeExplosively(FrameworkMethod.java:47)
	at org.junit.internal.runners.statements.RunBefores.evaluate(RunBefores.java:24)
	at org.junit.runners.ParentRunner.runLeaf(ParentRunner.java:325)
	at org.junit.runners.BlockJUnit4ClassRunner.runChild(BlockJUnit4ClassRunner.java:78)
	at org.junit.runners.BlockJUnit4ClassRunner.runChild(BlockJUnit4ClassRunner.java:57)
	at org.junit.runners.ParentRunner$3.run(ParentRunner.java:290)
	at org.junit.runners.ParentRunner$1.schedule(ParentRunner.java:71)
	at org.junit.runners.ParentRunner.runChildren(ParentRunner.java:288)
	at org.junit.runners.ParentRunner.access$000(ParentRunner.java:58)
	at org.junit.runners.ParentRunner$2.evaluate(ParentRunner.java:268)
	at org.junit.runners.ParentRunner.run(ParentRunner.java:363)
	at org.apache.maven.surefire.junit4.JUnit4Provider.execute(JUnit4Provider.java:252)
	at org.apache.maven.surefire.junit4.JUnit4Provider.executeTestSet(JUnit4Provider.java:141)
	at org.apache.maven.surefire.junit4.JUnit4Provider.invoke(JUnit4Provider.java:112)
	at sun.reflect.NativeMethodAccessorImpl.invoke0(Native Method)
	at sun.reflect.NativeMethodAccessorImpl.invoke(NativeMethodAccessorImpl.java:62)
	at sun.reflect.DelegatingMethodAccessorImpl.invoke(DelegatingMethodAccessorImpl.java:43)
	at java.lang.reflect.Method.invoke(Method.java:498)
	at org.apache.maven.surefire.util.ReflectionUtils.invokeMethodWithArray(ReflectionUtils.java:189)
	at org.apache.maven.surefire.booter.ProviderFactory$ProviderProxy.invoke(ProviderFactory.java:165)
	at org.apache.maven.surefire.booter.ProviderFactory.invokeProvider(ProviderFactory.java:85)
	at org.apache.maven.surefire.booter.ForkedBooter.runSuitesInProcess(ForkedBooter.java:115)
	at org.apache.maven.surefire.booter.ForkedBooter.main(ForkedBooter.java:75)
Caused by: org.springframework.beans.ConversionNotSupportedException: Failed to convert property value of type [org.apache.commons.dbcp.BasicDataSource] to required type [java.lang.String] for property &apos;beanName&apos;; nested exception is java.lang.IllegalStateException: Cannot convert value of type [org.apache.commons.dbcp.BasicDataSource] to required type [java.lang.String] for property &apos;beanName&apos;: no matching editors or conversion strategy found
	at org.springframework.beans.AbstractNestablePropertyAccessor.convertIfNecessary(AbstractNestablePropertyAccessor.java:591)
	at org.springframework.beans.AbstractNestablePropertyAccessor.convertForProperty(AbstractNestablePropertyAccessor.java:603)
	at org.springframework.beans.BeanWrapperImpl.convertForProperty(BeanWrapperImpl.java:216)
	at org.springframework.beans.factory.support.AbstractAutowireCapableBeanFactory.convertForProperty(AbstractAutowireCapableBeanFactory.java:1532)
	at org.springframework.beans.factory.support.AbstractAutowireCapableBeanFactory.applyPropertyValues(AbstractAutowireCapableBeanFactory.java:1491)
	at org.springframework.beans.factory.support.AbstractAutowireCapableBeanFactory.populateBean(AbstractAutowireCapableBeanFactory.java:1231)
	at org.springframework.beans.factory.support.AbstractAutowireCapableBeanFactory.doCreateBean(AbstractAutowireCapableBeanFactory.java:543)
	... 40 more
Caused by: java.lang.IllegalStateException: Cannot convert value of type [org.apache.commons.dbcp.BasicDataSource] to required type [java.lang.String] for property &apos;beanName&apos;: no matching editors or conversion strategy found
	at org.springframework.beans.TypeConverterDelegate.convertIfNecessary(TypeConverterDelegate.java:306)
	at org.springframework.beans.AbstractNestablePropertyAccessor.convertIfNecessary(AbstractNestablePropertyAccessor.java:576)
	... 46 more
</error>
    <system-err>十月 19, 2016 11:33:41 下午 org.springframework.context.support.FileSystemXmlApplicationContext prepareRefresh
信息: Refreshing org.springframework.context.support.FileSystemXmlApplicationContext@4ba2ca36: startup date [Wed Oct 19 23:33:41 CST 2016]; root of context hierarchy
十月 19, 2016 11:33:41 下午 org.springframework.beans.factory.xml.XmlBeanDefinitionReader loadBeanDefinitions
信息: Loading XML bean definitions from file [C:\Users\beach\Documents\NetBeansProjects\spring-ioc\src\main\resources\applicationContext.xml]
十月 19, 2016 11:33:41 下午 org.springframework.beans.factory.xml.XmlBeanDefinitionReader loadBeanDefinitions
信息: Loading XML bean definitions from file [C:\Users\beach\Documents\NetBeansProjects\spring-ioc\src\main\resources\beanNaming.xml]
十月 19, 2016 11:33:41 下午 org.springframework.beans.factory.xml.XmlBeanDefinitionReader loadBeanDefinitions
信息: Loading XML bean definitions from file [C:\Users\beach\Documents\NetBeansProjects\spring-ioc\src\main\resources\beanInstantiating.xml]
十月 19, 2016 11:33:41 下午 org.springframework.beans.factory.xml.XmlBeanDefinitionReader loadBeanDefinitions
信息: Loading XML bean definitions from file [C:\Users\beach\Documents\NetBeansProjects\spring-ioc\src\main\resources\injectionValue.xml]
十月 19, 2016 11:33:41 下午 org.springframework.context.support.FileSystemXmlApplicationContext refresh
警告: Exception encountered during context initialization - cancelling refresh attempt: org.springframework.beans.factory.BeanCreationException: Error creating bean with name &apos;injectionRefByBean&apos; defined in file [C:\Users\beach\Documents\NetBeansProjects\spring-ioc\src\main\resources\injectionValue.xml]: Initialization of bean failed; nested exception is org.springframework.beans.ConversionNotSupportedException: Failed to convert property value of type [org.apache.commons.dbcp.BasicDataSource] to required type [java.lang.String] for property &apos;beanName&apos;; nested exception is java.lang.IllegalStateException: Cannot convert value of type [org.apache.commons.dbcp.BasicDataSource] to required type [java.lang.String] for property &apos;beanName&apos;: no matching editors or conversion strategy found
</system-err>
  </testcase>
  <testcase classname="net.beachchou.spring.ioc.InjectionValueTest" name="testInjectionValueByIdref" time="0.122">
    <error message="Error creating bean with name &apos;injectionRefByBean&apos; defined in file [C:\Users\beach\Documents\NetBeansProjects\spring-ioc\src\main\resources\injectionValue.xml]: Initialization of bean failed; nested exception is org.springframework.beans.ConversionNotSupportedException: Failed to convert property value of type [org.apache.commons.dbcp.BasicDataSource] to required type [java.lang.String] for property &apos;beanName&apos;; nested exception is java.lang.IllegalStateException: Cannot convert value of type [org.apache.commons.dbcp.BasicDataSource] to required type [java.lang.String] for property &apos;beanName&apos;: no matching editors or conversion strategy found" type="org.springframework.beans.factory.BeanCreationException">org.springframework.beans.factory.BeanCreationException: Error creating bean with name &apos;injectionRefByBean&apos; defined in file [C:\Users\beach\Documents\NetBeansProjects\spring-ioc\src\main\resources\injectionValue.xml]: Initialization of bean failed; nested exception is org.springframework.beans.ConversionNotSupportedException: Failed to convert property value of type [org.apache.commons.dbcp.BasicDataSource] to required type [java.lang.String] for property &apos;beanName&apos;; nested exception is java.lang.IllegalStateException: Cannot convert value of type [org.apache.commons.dbcp.BasicDataSource] to required type [java.lang.String] for property &apos;beanName&apos;: no matching editors or conversion strategy found
	at org.springframework.beans.factory.support.AbstractAutowireCapableBeanFactory.doCreateBean(AbstractAutowireCapableBeanFactory.java:553)
	at org.springframework.beans.factory.support.AbstractAutowireCapableBeanFactory.createBean(AbstractAutowireCapableBeanFactory.java:482)
	at org.springframework.beans.factory.support.AbstractBeanFactory$1.getObject(AbstractBeanFactory.java:306)
	at org.springframework.beans.factory.support.DefaultSingletonBeanRegistry.getSingleton(DefaultSingletonBeanRegistry.java:230)
	at org.springframework.beans.factory.support.AbstractBeanFactory.doGetBean(AbstractBeanFactory.java:302)
	at org.springframework.beans.factory.support.AbstractBeanFactory.getBean(AbstractBeanFactory.java:202)
	at org.springframework.context.support.PostProcessorRegistrationDelegate.invokeBeanFactoryPostProcessors(PostProcessorRegistrationDelegate.java:154)
	at org.springframework.context.support.AbstractApplicationContext.invokeBeanFactoryPostProcessors(AbstractApplicationContext.java:681)
	at org.springframework.context.support.AbstractApplicationContext.refresh(AbstractApplicationContext.java:523)
	at org.springframework.context.support.FileSystemXmlApplicationContext.&lt;init&gt;(FileSystemXmlApplicationContext.java:140)
	at org.springframework.context.support.FileSystemXmlApplicationContext.&lt;init&gt;(FileSystemXmlApplicationContext.java:84)
	at net.beachchou.spring.ioc.AbstractTest.setup(AbstractTest.java:25)
	at sun.reflect.NativeMethodAccessorImpl.invoke0(Native Method)
	at sun.reflect.NativeMethodAccessorImpl.invoke(NativeMethodAccessorImpl.java:62)
	at sun.reflect.DelegatingMethodAccessorImpl.invoke(DelegatingMethodAccessorImpl.java:43)
	at java.lang.reflect.Method.invoke(Method.java:498)
	at org.junit.runners.model.FrameworkMethod$1.runReflectiveCall(FrameworkMethod.java:50)
	at org.junit.internal.runners.model.ReflectiveCallable.run(ReflectiveCallable.java:12)
	at org.junit.runners.model.FrameworkMethod.invokeExplosively(FrameworkMethod.java:47)
	at org.junit.internal.runners.statements.RunBefores.evaluate(RunBefores.java:24)
	at org.junit.runners.ParentRunner.runLeaf(ParentRunner.java:325)
	at org.junit.runners.BlockJUnit4ClassRunner.runChild(BlockJUnit4ClassRunner.java:78)
	at org.junit.runners.BlockJUnit4ClassRunner.runChild(BlockJUnit4ClassRunner.java:57)
	at org.junit.runners.ParentRunner$3.run(ParentRunner.java:290)
	at org.junit.runners.ParentRunner$1.schedule(ParentRunner.java:71)
	at org.junit.runners.ParentRunner.runChildren(ParentRunner.java:288)
	at org.junit.runners.ParentRunner.access$000(ParentRunner.java:58)
	at org.junit.runners.ParentRunner$2.evaluate(ParentRunner.java:268)
	at org.junit.runners.ParentRunner.run(ParentRunner.java:363)
	at org.apache.maven.surefire.junit4.JUnit4Provider.execute(JUnit4Provider.java:252)
	at org.apache.maven.surefire.junit4.JUnit4Provider.executeTestSet(JUnit4Provider.java:141)
	at org.apache.maven.surefire.junit4.JUnit4Provider.invoke(JUnit4Provider.java:112)
	at sun.reflect.NativeMethodAccessorImpl.invoke0(Native Method)
	at sun.reflect.NativeMethodAccessorImpl.invoke(NativeMethodAccessorImpl.java:62)
	at sun.reflect.DelegatingMethodAccessorImpl.invoke(DelegatingMethodAccessorImpl.java:43)
	at java.lang.reflect.Method.invoke(Method.java:498)
	at org.apache.maven.surefire.util.ReflectionUtils.invokeMethodWithArray(ReflectionUtils.java:189)
	at org.apache.maven.surefire.booter.ProviderFactory$ProviderProxy.invoke(ProviderFactory.java:165)
	at org.apache.maven.surefire.booter.ProviderFactory.invokeProvider(ProviderFactory.java:85)
	at org.apache.maven.surefire.booter.ForkedBooter.runSuitesInProcess(ForkedBooter.java:115)
	at org.apache.maven.surefire.booter.ForkedBooter.main(ForkedBooter.java:75)
Caused by: org.springframework.beans.ConversionNotSupportedException: Failed to convert property value of type [org.apache.commons.dbcp.BasicDataSource] to required type [java.lang.String] for property &apos;beanName&apos;; nested exception is java.lang.IllegalStateException: Cannot convert value of type [org.apache.commons.dbcp.BasicDataSource] to required type [java.lang.String] for property &apos;beanName&apos;: no matching editors or conversion strategy found
	at org.springframework.beans.AbstractNestablePropertyAccessor.convertIfNecessary(AbstractNestablePropertyAccessor.java:591)
	at org.springframework.beans.AbstractNestablePropertyAccessor.convertForProperty(AbstractNestablePropertyAccessor.java:603)
	at org.springframework.beans.BeanWrapperImpl.convertForProperty(BeanWrapperImpl.java:216)
	at org.springframework.beans.factory.support.AbstractAutowireCapableBeanFactory.convertForProperty(AbstractAutowireCapableBeanFactory.java:1532)
	at org.springframework.beans.factory.support.AbstractAutowireCapableBeanFactory.applyPropertyValues(AbstractAutowireCapableBeanFactory.java:1491)
	at org.springframework.beans.factory.support.AbstractAutowireCapableBeanFactory.populateBean(AbstractAutowireCapableBeanFactory.java:1231)
	at org.springframework.beans.factory.support.AbstractAutowireCapableBeanFactory.doCreateBean(AbstractAutowireCapableBeanFactory.java:543)
	... 40 more
Caused by: java.lang.IllegalStateException: Cannot convert value of type [org.apache.commons.dbcp.BasicDataSource] to required type [java.lang.String] for property &apos;beanName&apos;: no matching editors or conversion strategy found
	at org.springframework.beans.TypeConverterDelegate.convertIfNecessary(TypeConverterDelegate.java:306)
	at org.springframework.beans.AbstractNestablePropertyAccessor.convertIfNecessary(AbstractNestablePropertyAccessor.java:576)
	... 46 more
</error>
    <system-err>十月 19, 2016 11:33:41 下午 org.springframework.context.support.FileSystemXmlApplicationContext prepareRefresh
信息: Refreshing org.springframework.context.support.FileSystemXmlApplicationContext@646be2c3: startup date [Wed Oct 19 23:33:41 CST 2016]; root of context hierarchy
十月 19, 2016 11:33:41 下午 org.springframework.beans.factory.xml.XmlBeanDefinitionReader loadBeanDefinitions
信息: Loading XML bean definitions from file [C:\Users\beach\Documents\NetBeansProjects\spring-ioc\src\main\resources\applicationContext.xml]
十月 19, 2016 11:33:41 下午 org.springframework.beans.factory.xml.XmlBeanDefinitionReader loadBeanDefinitions
信息: Loading XML bean definitions from file [C:\Users\beach\Documents\NetBeansProjects\spring-ioc\src\main\resources\beanNaming.xml]
十月 19, 2016 11:33:41 下午 org.springframework.beans.factory.xml.XmlBeanDefinitionReader loadBeanDefinitions
信息: Loading XML bean definitions from file [C:\Users\beach\Documents\NetBeansProjects\spring-ioc\src\main\resources\beanInstantiating.xml]
十月 19, 2016 11:33:41 下午 org.springframework.beans.factory.xml.XmlBeanDefinitionReader loadBeanDefinitions
信息: Loading XML bean definitions from file [C:\Users\beach\Documents\NetBeansProjects\spring-ioc\src\main\resources\injectionValue.xml]
十月 19, 2016 11:33:41 下午 org.springframework.context.support.FileSystemXmlApplicationContext refresh
警告: Exception encountered during context initialization - cancelling refresh attempt: org.springframework.beans.factory.BeanCreationException: Error creating bean with name &apos;injectionRefByBean&apos; defined in file [C:\Users\beach\Documents\NetBeansProjects\spring-ioc\src\main\resources\injectionValue.xml]: Initialization of bean failed; nested exception is org.springframework.beans.ConversionNotSupportedException: Failed to convert property value of type [org.apache.commons.dbcp.BasicDataSource] to required type [java.lang.String] for property &apos;beanName&apos;; nested exception is java.lang.IllegalStateException: Cannot convert value of type [org.apache.commons.dbcp.BasicDataSource] to required type [java.lang.String] for property &apos;beanName&apos;: no matching editors or conversion strategy found
</system-err>
  </testcase>
  <testcase classname="net.beachchou.spring.ioc.InjectionValueTest" name="testInjectionValueByProperties" time="0.073">
    <error message="Error creating bean with name &apos;injectionRefByBean&apos; defined in file [C:\Users\beach\Documents\NetBeansProjects\spring-ioc\src\main\resources\injectionValue.xml]: Initialization of bean failed; nested exception is org.springframework.beans.ConversionNotSupportedException: Failed to convert property value of type [org.apache.commons.dbcp.BasicDataSource] to required type [java.lang.String] for property &apos;beanName&apos;; nested exception is java.lang.IllegalStateException: Cannot convert value of type [org.apache.commons.dbcp.BasicDataSource] to required type [java.lang.String] for property &apos;beanName&apos;: no matching editors or conversion strategy found" type="org.springframework.beans.factory.BeanCreationException">org.springframework.beans.factory.BeanCreationException: Error creating bean with name &apos;injectionRefByBean&apos; defined in file [C:\Users\beach\Documents\NetBeansProjects\spring-ioc\src\main\resources\injectionValue.xml]: Initialization of bean failed; nested exception is org.springframework.beans.ConversionNotSupportedException: Failed to convert property value of type [org.apache.commons.dbcp.BasicDataSource] to required type [java.lang.String] for property &apos;beanName&apos;; nested exception is java.lang.IllegalStateException: Cannot convert value of type [org.apache.commons.dbcp.BasicDataSource] to required type [java.lang.String] for property &apos;beanName&apos;: no matching editors or conversion strategy found
	at org.springframework.beans.factory.support.AbstractAutowireCapableBeanFactory.doCreateBean(AbstractAutowireCapableBeanFactory.java:553)
	at org.springframework.beans.factory.support.AbstractAutowireCapableBeanFactory.createBean(AbstractAutowireCapableBeanFactory.java:482)
	at org.springframework.beans.factory.support.AbstractBeanFactory$1.getObject(AbstractBeanFactory.java:306)
	at org.springframework.beans.factory.support.DefaultSingletonBeanRegistry.getSingleton(DefaultSingletonBeanRegistry.java:230)
	at org.springframework.beans.factory.support.AbstractBeanFactory.doGetBean(AbstractBeanFactory.java:302)
	at org.springframework.beans.factory.support.AbstractBeanFactory.getBean(AbstractBeanFactory.java:202)
	at org.springframework.context.support.PostProcessorRegistrationDelegate.invokeBeanFactoryPostProcessors(PostProcessorRegistrationDelegate.java:154)
	at org.springframework.context.support.AbstractApplicationContext.invokeBeanFactoryPostProcessors(AbstractApplicationContext.java:681)
	at org.springframework.context.support.AbstractApplicationContext.refresh(AbstractApplicationContext.java:523)
	at org.springframework.context.support.FileSystemXmlApplicationContext.&lt;init&gt;(FileSystemXmlApplicationContext.java:140)
	at org.springframework.context.support.FileSystemXmlApplicationContext.&lt;init&gt;(FileSystemXmlApplicationContext.java:84)
	at net.beachchou.spring.ioc.AbstractTest.setup(AbstractTest.java:25)
	at sun.reflect.NativeMethodAccessorImpl.invoke0(Native Method)
	at sun.reflect.NativeMethodAccessorImpl.invoke(NativeMethodAccessorImpl.java:62)
	at sun.reflect.DelegatingMethodAccessorImpl.invoke(DelegatingMethodAccessorImpl.java:43)
	at java.lang.reflect.Method.invoke(Method.java:498)
	at org.junit.runners.model.FrameworkMethod$1.runReflectiveCall(FrameworkMethod.java:50)
	at org.junit.internal.runners.model.ReflectiveCallable.run(ReflectiveCallable.java:12)
	at org.junit.runners.model.FrameworkMethod.invokeExplosively(FrameworkMethod.java:47)
	at org.junit.internal.runners.statements.RunBefores.evaluate(RunBefores.java:24)
	at org.junit.runners.ParentRunner.runLeaf(ParentRunner.java:325)
	at org.junit.runners.BlockJUnit4ClassRunner.runChild(BlockJUnit4ClassRunner.java:78)
	at org.junit.runners.BlockJUnit4ClassRunner.runChild(BlockJUnit4ClassRunner.java:57)
	at org.junit.runners.ParentRunner$3.run(ParentRunner.java:290)
	at org.junit.runners.ParentRunner$1.schedule(ParentRunner.java:71)
	at org.junit.runners.ParentRunner.runChildren(ParentRunner.java:288)
	at org.junit.runners.ParentRunner.access$000(ParentRunner.java:58)
	at org.junit.runners.ParentRunner$2.evaluate(ParentRunner.java:268)
	at org.junit.runners.ParentRunner.run(ParentRunner.java:363)
	at org.apache.maven.surefire.junit4.JUnit4Provider.execute(JUnit4Provider.java:252)
	at org.apache.maven.surefire.junit4.JUnit4Provider.executeTestSet(JUnit4Provider.java:141)
	at org.apache.maven.surefire.junit4.JUnit4Provider.invoke(JUnit4Provider.java:112)
	at sun.reflect.NativeMethodAccessorImpl.invoke0(Native Method)
	at sun.reflect.NativeMethodAccessorImpl.invoke(NativeMethodAccessorImpl.java:62)
	at sun.reflect.DelegatingMethodAccessorImpl.invoke(DelegatingMethodAccessorImpl.java:43)
	at java.lang.reflect.Method.invoke(Method.java:498)
	at org.apache.maven.surefire.util.ReflectionUtils.invokeMethodWithArray(ReflectionUtils.java:189)
	at org.apache.maven.surefire.booter.ProviderFactory$ProviderProxy.invoke(ProviderFactory.java:165)
	at org.apache.maven.surefire.booter.ProviderFactory.invokeProvider(ProviderFactory.java:85)
	at org.apache.maven.surefire.booter.ForkedBooter.runSuitesInProcess(ForkedBooter.java:115)
	at org.apache.maven.surefire.booter.ForkedBooter.main(ForkedBooter.java:75)
Caused by: org.springframework.beans.ConversionNotSupportedException: Failed to convert property value of type [org.apache.commons.dbcp.BasicDataSource] to required type [java.lang.String] for property &apos;beanName&apos;; nested exception is java.lang.IllegalStateException: Cannot convert value of type [org.apache.commons.dbcp.BasicDataSource] to required type [java.lang.String] for property &apos;beanName&apos;: no matching editors or conversion strategy found
	at org.springframework.beans.AbstractNestablePropertyAccessor.convertIfNecessary(AbstractNestablePropertyAccessor.java:591)
	at org.springframework.beans.AbstractNestablePropertyAccessor.convertForProperty(AbstractNestablePropertyAccessor.java:603)
	at org.springframework.beans.BeanWrapperImpl.convertForProperty(BeanWrapperImpl.java:216)
	at org.springframework.beans.factory.support.AbstractAutowireCapableBeanFactory.convertForProperty(AbstractAutowireCapableBeanFactory.java:1532)
	at org.springframework.beans.factory.support.AbstractAutowireCapableBeanFactory.applyPropertyValues(AbstractAutowireCapableBeanFactory.java:1491)
	at org.springframework.beans.factory.support.AbstractAutowireCapableBeanFactory.populateBean(AbstractAutowireCapableBeanFactory.java:1231)
	at org.springframework.beans.factory.support.AbstractAutowireCapableBeanFactory.doCreateBean(AbstractAutowireCapableBeanFactory.java:543)
	... 40 more
Caused by: java.lang.IllegalStateException: Cannot convert value of type [org.apache.commons.dbcp.BasicDataSource] to required type [java.lang.String] for property &apos;beanName&apos;: no matching editors or conversion strategy found
	at org.springframework.beans.TypeConverterDelegate.convertIfNecessary(TypeConverterDelegate.java:306)
	at org.springframework.beans.AbstractNestablePropertyAccessor.convertIfNecessary(AbstractNestablePropertyAccessor.java:576)
	... 46 more
</error>
    <system-err>十月 19, 2016 11:33:41 下午 org.springframework.context.support.FileSystemXmlApplicationContext prepareRefresh
信息: Refreshing org.springframework.context.support.FileSystemXmlApplicationContext@731f8236: startup date [Wed Oct 19 23:33:41 CST 2016]; root of context hierarchy
十月 19, 2016 11:33:41 下午 org.springframework.beans.factory.xml.XmlBeanDefinitionReader loadBeanDefinitions
信息: Loading XML bean definitions from file [C:\Users\beach\Documents\NetBeansProjects\spring-ioc\src\main\resources\applicationContext.xml]
十月 19, 2016 11:33:41 下午 org.springframework.beans.factory.xml.XmlBeanDefinitionReader loadBeanDefinitions
信息: Loading XML bean definitions from file [C:\Users\beach\Documents\NetBeansProjects\spring-ioc\src\main\resources\beanNaming.xml]
十月 19, 2016 11:33:41 下午 org.springframework.beans.factory.xml.XmlBeanDefinitionReader loadBeanDefinitions
信息: Loading XML bean definitions from file [C:\Users\beach\Documents\NetBeansProjects\spring-ioc\src\main\resources\beanInstantiating.xml]
十月 19, 2016 11:33:41 下午 org.springframework.beans.factory.xml.XmlBeanDefinitionReader loadBeanDefinitions
信息: Loading XML bean definitions from file [C:\Users\beach\Documents\NetBeansProjects\spring-ioc\src\main\resources\injectionValue.xml]
十月 19, 2016 11:33:41 下午 org.springframework.context.support.FileSystemXmlApplicationContext refresh
警告: Exception encountered during context initialization - cancelling refresh attempt: org.springframework.beans.factory.BeanCreationException: Error creating bean with name &apos;injectionRefByBean&apos; defined in file [C:\Users\beach\Documents\NetBeansProjects\spring-ioc\src\main\resources\injectionValue.xml]: Initialization of bean failed; nested exception is org.springframework.beans.ConversionNotSupportedException: Failed to convert property value of type [org.apache.commons.dbcp.BasicDataSource] to required type [java.lang.String] for property &apos;beanName&apos;; nested exception is java.lang.IllegalStateException: Cannot convert value of type [org.apache.commons.dbcp.BasicDataSource] to required type [java.lang.String] for property &apos;beanName&apos;: no matching editors or conversion strategy found
</system-err>
  </testcase>
</testsuite>